<?xml version="1.0" encoding="UTF-8"?>
<!-- Generated by org.testng.reporters.JUnitXMLReporter -->
<testsuite ignored="0" hostname="Aravind" failures="1" tests="1" name="Term Test" time="2.154" errors="0" timestamp="2023-08-04T12:09:49 IST">
  <testcase classname="com.testcases.ICICITermFlow" name="quoteFlow" time="0.023">
    <failure type="java.lang.NullPointerException" message="Cannot invoke &amp;quot;org.openqa.selenium.WebDriver.get(String)&amp;quot; because &amp;quot;this.driver&amp;quot; is null">
      <![CDATA[java.lang.NullPointerException: Cannot invoke "org.openqa.selenium.WebDriver.get(String)" because "this.driver" is null
at com.testcases.ICICITermFlow.quoteFlow(ICICITermFlow.java:34)
at java.base/java.util.ArrayList.forEach(ArrayList.java:1511)
... Removed 27 stack frames]]>
    </failure>
  </testcase> <!-- quoteFlow -->
</testsuite> <!-- Term Test -->
